<?xml version="1.0" encoding="UTF-8"?>
<!-- Generated by org.testng.reporters.JUnitXMLReporter -->
<testsuite hostname="UTISLAPTOP50" ignored="0" name="Default test" tests="3" failures="0" timestamp="16 Jun 2020 07:50:14 GMT" time="2.494" errors="0">
  <testcase name="readsoucefromcsv" time="1.314" classname="StructureComparison.DataComparison.MainFile"/>
  <testcase name="readsoucefromdb" time="0.521" classname="StructureComparison.DataComparison.MainFile"/>
  <testcase name="readsoucefromexcel" time="0.603" classname="StructureComparison.DataComparison.MainFile"/>
</testsuite> <!-- Default test -->
