<?xml version="1.0" encoding="UTF-8"?>
<!-- Generated by org.testng.reporters.JUnitXMLReporter -->
<testsuite hostname="UTISLAPTOP54" ignored="0" name="Default test" tests="2" failures="0" timestamp="17 Jun 2020 09:32:31 GMT" time="7.379" errors="0">
  <testcase name="readsoucefromcsv" time="0.831" classname="StructureComparison.DataComparison.MainFile"/>
  <testcase name="readsourcefromexcel" time="6.516" classname="StructureComparison.DataComparison.MainFile"/>
</testsuite> <!-- Default test -->
