<?xml version="1.0" encoding="UTF-8"?>
<testng-results skipped="0" failed="0" ignored="0" total="2" passed="2">
  <reporter-output>
  </reporter-output>
  <suite name="Default suite" duration-ms="7379" started-at="2020-06-17T09:32:23Z" finished-at="2020-06-17T09:32:31Z">
    <groups>
    </groups>
    <test name="Default test" duration-ms="7379" started-at="2020-06-17T09:32:23Z" finished-at="2020-06-17T09:32:31Z">
      <class name="StructureComparison.DataComparison.MainFile">
        <test-method status="PASS" signature="readsoucefromcsv()[pri:0, instance:StructureComparison.DataComparison.MainFile@55ca8de8]" name="readsoucefromcsv" duration-ms="831" started-at="2020-06-17T09:32:23Z" finished-at="2020-06-17T09:32:24Z">
          <reporter-output>
          </reporter-output>
        </test-method> <!-- readsoucefromcsv -->
        <test-method status="PASS" signature="readsourcefromexcel()[pri:0, instance:StructureComparison.DataComparison.MainFile@55ca8de8]" name="readsourcefromexcel" duration-ms="6516" started-at="2020-06-17T09:32:24Z" finished-at="2020-06-17T09:32:31Z">
          <reporter-output>
          </reporter-output>
        </test-method> <!-- readsourcefromexcel -->
      </class> <!-- StructureComparison.DataComparison.MainFile -->
    </test> <!-- Default test -->
  </suite> <!-- Default suite -->
</testng-results>
